<?xml version="1.0" encoding="UTF-8"?>
<!-- Generated by org.testng.reporters.JUnitXMLReporter -->
<testsuite ignored="0" hostname="Active30" failures="5" tests="56" name="Test" time="32.467" errors="0" timestamp="2024-01-19T15:03:30 IST">
  <testcase classname="api.test.SignIn" name="signin" time="3.096"/>
  <testcase classname="api.test.AdvertiserTest" name="insertAdvertiser" time="0.946">
    <failure type="org.json.JSONException" message="JSONObject[&amp;quot;data&amp;quot;] is not a JSONObject (class org.json.JSONObject$Null : null).">
      <![CDATA[org.json.JSONException: JSONObject["data"] is not a JSONObject (class org.json.JSONObject$Null : null).
at org.json.JSONObject.wrongValueFormatException(JSONObject.java:2702)
at org.json.JSONObject.getJSONObject(JSONObject.java:784)
at api.test.AdvertiserTest.insertAdvertiser(AdvertiserTest.java:247)
at java.base/java.util.ArrayList.forEach(ArrayList.java:1511)
... Removed 27 stack frames]]>
    </failure>
  </testcase> <!-- insertAdvertiser -->
  <testcase classname="api.test.AdvertiserTest" name="listadvertisers" time="0.575"/>
  <testcase classname="api.test.AdvertiserTest" name="getSingleAdvertiser" time="0.484"/>
  <testcase classname="api.test.AdvertiserTest" name="updateAdvertiser" time="0.468"/>
  <testcase classname="api.test.AdvertiserTest" name="getAdvertiserSettings" time="0.473"/>
  <testcase classname="api.test.AdvertiserTest" name="insertAdvertiserGroup" time="0.575">
    <failure type="org.json.JSONException" message="JSONObject[&amp;quot;data&amp;quot;] is not a JSONObject (class org.json.JSONObject$Null : null).">
      <![CDATA[org.json.JSONException: JSONObject["data"] is not a JSONObject (class org.json.JSONObject$Null : null).
at org.json.JSONObject.wrongValueFormatException(JSONObject.java:2702)
at org.json.JSONObject.getJSONObject(JSONObject.java:784)
at api.test.AdvertiserTest.insertAdvertiserGroup(AdvertiserTest.java:296)
at java.base/java.util.ArrayList.forEach(ArrayList.java:1511)
... Removed 27 stack frames]]>
    </failure>
  </testcase> <!-- insertAdvertiserGroup -->
  <testcase classname="api.test.AdvertiserTest" name="listAdvertiserGroups" time="0.454"/>
  <testcase classname="api.test.AdvertiserTest" name="getSingleAdvertiserGroup" time="0.47"/>
  <testcase classname="api.test.AdvertiserTest" name="updateAdvertiserGroup" time="0.57"/>
  <testcase classname="api.test.AdvertiserTest" name="updateAdvertiserGroupStatus" time="0.459"/>
  <testcase classname="api.test.AdvertiserTest" name="insertAdvertiserUser" time="0.527"/>
  <testcase classname="api.test.AdvertiserTest" name="listAdvertiserUser" time="0.547"/>
  <testcase classname="api.test.AdvertiserTest" name="getAdvertiserUser" time="0.514"/>
  <testcase classname="api.test.AdvertiserTest" name="updateAdvertiserUser" time="0.521"/>
  <testcase classname="api.test.AdvertiserTest" name="inviteResend" time="0.474"/>
  <testcase classname="api.test.AdvertiserTest" name="updateAdvertiserUserStatus" time="0.463"/>
  <testcase classname="api.test.AdvertiserTest" name="deleteAdvertiserUser" time="0.641"/>
  <testcase classname="api.test.AdvertiserTest" name="insertAdvertiserLead" time="0.538">
    <failure type="org.json.JSONException" message="JSONObject[&amp;quot;data&amp;quot;] is not a JSONObject (class org.json.JSONObject$Null : null).">
      <![CDATA[org.json.JSONException: JSONObject["data"] is not a JSONObject (class org.json.JSONObject$Null : null).
at org.json.JSONObject.wrongValueFormatException(JSONObject.java:2702)
at org.json.JSONObject.getJSONObject(JSONObject.java:784)
at api.test.AdvertiserTest.insertAdvertiserLead(AdvertiserTest.java:426)
at java.base/java.util.ArrayList.forEach(ArrayList.java:1511)
... Removed 27 stack frames]]>
    </failure>
  </testcase> <!-- insertAdvertiserLead -->
  <testcase classname="api.test.AdvertiserTest" name="listAdvertiserLead" time="0.462"/>
  <testcase classname="api.test.AdvertiserTest" name="getAdvertiserLead" time="0.473"/>
  <testcase classname="api.test.AdvertiserTest" name="updateAdvertiserLead" time="0.473"/>
  <testcase classname="api.test.AdvertiserTest" name="deleteAdvertiserLead" time="0.44"/>
  <testcase classname="api.test.PublisherTest" name="insertPublisher" time="0.876"/>
  <testcase classname="api.test.PublisherTest" name="listPublishers" time="0.612"/>
  <testcase classname="api.test.PublisherTest" name="getSinglePublisher" time="0.482"/>
  <testcase classname="api.test.PublisherTest" name="updatePublisher" time="0.5"/>
  <testcase classname="api.test.PublisherTest" name="insertPublisherGroup" time="0.454">
    <failure type="org.json.JSONException" message="JSONObject[&amp;quot;data&amp;quot;] not found.">
      <![CDATA[org.json.JSONException: JSONObject["data"] not found.
at org.json.JSONObject.get(JSONObject.java:570)
at org.json.JSONObject.getJSONObject(JSONObject.java:780)
at api.test.PublisherTest.insertPublisherGroup(PublisherTest.java:284)
at java.base/java.util.ArrayList.forEach(ArrayList.java:1511)
... Removed 27 stack frames]]>
    </failure>
  </testcase> <!-- insertPublisherGroup -->
  <testcase classname="api.test.PublisherTest" name="listPublisherGroups" time="0.457"/>
  <testcase classname="api.test.PublisherTest" name="getSinglePublisherGroup" time="0.463"/>
  <testcase classname="api.test.PublisherTest" name="updatePublisherGroup" time="0.443"/>
  <testcase classname="api.test.PublisherTest" name="updatePublisherGroupStatus" time="0.456"/>
  <testcase classname="api.test.PublisherTest" name="insertPublisherUser" time="0.537">
    <failure type="org.json.JSONException" message="JSONObject[&amp;quot;Publisher_user_id&amp;quot;] not found.">
      <![CDATA[org.json.JSONException: JSONObject["Publisher_user_id"] not found.
at org.json.JSONObject.get(JSONObject.java:570)
at org.json.JSONObject.getInt(JSONObject.java:742)
at api.test.PublisherTest.insertPublisherUser(PublisherTest.java:350)
at java.base/java.util.ArrayList.forEach(ArrayList.java:1511)
... Removed 27 stack frames]]>
    </failure>
  </testcase> <!-- insertPublisherUser -->
  <testcase classname="api.test.PublisherTest" name="listPublisherUser" time="0.427"/>
  <testcase classname="api.test.PublisherTest" name="getPublisherUser" time="0.434"/>
  <testcase classname="api.test.PublisherTest" name="updatePublisherUser" time="0.454"/>
  <testcase classname="api.test.PublisherTest" name="inviteResend" time="0.456"/>
  <testcase classname="api.test.PublisherTest" name="updatePublisherUserStatus" time="0.462"/>
  <testcase classname="api.test.PublisherTest" name="deletePublisherUser" time="0.448"/>
  <testcase classname="api.test.PublisherTest" name="insertPublisherLead" time="0.57"/>
  <testcase classname="api.test.PublisherTest" name="listPublisherLead" time="0.453"/>
  <testcase classname="api.test.PublisherTest" name="getPublisherLead" time="0.474"/>
  <testcase classname="api.test.PublisherTest" name="updatePublisherLead" time="0.49"/>
  <testcase classname="api.test.PublisherTest" name="deletePublisherLead" time="0.45"/>
  <testcase classname="api.test.SuppressionTest" name="getSuppressionList" time="0.944"/>
  <testcase classname="api.test.SuppressionTest" name="getSingleSuppression" time="0.486"/>
  <testcase classname="api.test.SuppressionTest" name="downloadSuppression" time="0.486"/>
  <testcase classname="api.test.SuppressionTest" name="SuppressionStatus" time="0.852"/>
  <testcase classname="api.test.SuppressionTest" name="getUnsubscribeCount" time="0.491"/>
  <testcase classname="api.test.SuppressionTest" name="suppressionRefresh" time="0.477"/>
  <testcase classname="api.test.CreativeTest" name="getCreativeGroupList" time="0.455"/>
  <testcase classname="api.test.CreativeTest" name="getSingleCreativeGroup" time="0.479"/>
  <testcase classname="api.test.CreativeTest" name="updateCreativeGroup" time="0.485"/>
  <testcase classname="api.test.CreativeTest" name="deleteCreativeGroup" time="0.458"/>
  <testcase classname="api.test.CreativeTest" name="getlistCreatives" time="0.503"/>
  <testcase classname="api.test.CreativeTest" name="getSingleCreative" time="0.453"/>
</testsuite> <!-- Test -->
