<?xml version="1.0" encoding="UTF-8"?>
<!-- Generated by org.testng.reporters.JUnitXMLReporter -->
<testsuite ignored="0" hostname="Active30" failures="2" tests="22" name="Test" time="29.307" errors="0" timestamp="2023-12-19T12:13:37 IST">
  <testcase classname="api.test.SignIn" name="signin" time="2.726"/>
  <testcase classname="api.test.PublisherTest" name="insertPublisher" time="6.874"/>
  <testcase classname="api.test.PublisherTest" name="listPublishers" time="2.173"/>
  <testcase classname="api.test.PublisherTest" name="getSinglePublisher" time="1.281"/>
  <testcase classname="api.test.PublisherTest" name="updatePublisher" time="1.921"/>
  <testcase classname="api.test.PublisherTest" name="insertPublisherGroup" time="0.502">
    <failure type="org.json.JSONException" message="JSONObject[&amp;quot;data&amp;quot;] not found.">
      <![CDATA[org.json.JSONException: JSONObject["data"] not found.
at org.json.JSONObject.get(JSONObject.java:570)
at org.json.JSONObject.getJSONObject(JSONObject.java:780)
at api.test.PublisherTest.insertPublisherGroup(PublisherTest.java:282)
at java.base/java.util.ArrayList.forEach(ArrayList.java:1511)
... Removed 27 stack frames]]>
    </failure>
  </testcase> <!-- insertPublisherGroup -->
  <testcase classname="api.test.PublisherTest" name="listPublisherGroups" time="0.456"/>
  <testcase classname="api.test.PublisherTest" name="getSinglePublisherGroup" time="0.629"/>
  <testcase classname="api.test.PublisherTest" name="updatePublisherGroup" time="0.49"/>
  <testcase classname="api.test.PublisherTest" name="updatePublisherGroupStatus" time="0.459"/>
  <testcase classname="api.test.PublisherTest" name="insertPublisherUser" time="1.752">
    <failure type="org.json.JSONException" message="JSONObject[&amp;quot;Publisher_user_id&amp;quot;] not found.">
      <![CDATA[org.json.JSONException: JSONObject["Publisher_user_id"] not found.
at org.json.JSONObject.get(JSONObject.java:570)
at org.json.JSONObject.getInt(JSONObject.java:742)
at api.test.PublisherTest.insertPublisherUser(PublisherTest.java:348)
at java.base/java.util.ArrayList.forEach(ArrayList.java:1511)
... Removed 27 stack frames]]>
    </failure>
  </testcase> <!-- insertPublisherUser -->
  <testcase classname="api.test.PublisherTest" name="listPublisherUser" time="0.616"/>
  <testcase classname="api.test.PublisherTest" name="getPublisherUser" time="0.624"/>
  <testcase classname="api.test.PublisherTest" name="updatePublisherUser" time="0.628"/>
  <testcase classname="api.test.PublisherTest" name="inviteResend" time="0.665"/>
  <testcase classname="api.test.PublisherTest" name="updatePublisherUserStatus" time="0.63"/>
  <testcase classname="api.test.PublisherTest" name="deletePublisherUser" time="0.614"/>
  <testcase classname="api.test.PublisherTest" name="insertPublisherLead" time="1.42"/>
  <testcase classname="api.test.PublisherTest" name="listPublisherLead" time="0.772"/>
  <testcase classname="api.test.PublisherTest" name="getPublisherLead" time="1.273"/>
  <testcase classname="api.test.PublisherTest" name="updatePublisherLead" time="1.114"/>
  <testcase classname="api.test.PublisherTest" name="deletePublisherLead" time="1.093"/>
</testsuite> <!-- Test -->
