<?xml version="1.0" encoding="UTF-8"?>
<testng-results ignored="0" total="2" passed="2" failed="0" skipped="0">
  <reporter-output>
  </reporter-output>
  <suite started-at="2023-12-19T14:24:41 IST" name="Default suite" finished-at="2023-12-19T14:24:46 IST" duration-ms="4388">
    <groups>
    </groups>
    <test started-at="2023-12-19T14:24:41 IST" name="Default test" finished-at="2023-12-19T14:24:46 IST" duration-ms="4388">
      <class name="api.test.CreativeTest">
        <test-method signature="insertCreativeGroup()[pri:1, instance:api.test.CreativeTest@69c81773]" started-at="2023-12-19T14:24:41 IST" name="insertCreativeGroup" finished-at="2023-12-19T14:24:44 IST" duration-ms="2864" status="PASS">
          <reporter-output>
          </reporter-output>
        </test-method> <!-- insertCreativeGroup -->
        <test-method signature="listCreativeGroup()[pri:2, instance:api.test.CreativeTest@69c81773]" started-at="2023-12-19T14:24:44 IST" name="listCreativeGroup" finished-at="2023-12-19T14:24:46 IST" duration-ms="1438" status="PASS">
          <reporter-output>
          </reporter-output>
        </test-method> <!-- listCreativeGroup -->
      </class> <!-- api.test.CreativeTest -->
    </test> <!-- Default test -->
  </suite> <!-- Default suite -->
</testng-results>
